<?xml version="1.0" encoding="UTF-8"?>
<robot generator="Robot 6.1.1 (Python 3.11.4 on win32)" generated="20231017 13:05:09.356" rpa="false" schemaversion="4">
<suite id="s1" name="Test1" source="D:\MFAF\Robot\domainservice\MyAISDomain\test1.robot">
<test id="s1-t1" name="test02" line="18">
<kw name="Open Excel" library="ExcelRobot">
<arg>D:\\MFAF\\Robot\\domainservice\\MyAISDomain\\TestExcel\\test.xlsx</arg>
<doc>Opens the Excel file to read from the path provided in the file path parameter.</doc>
<msg timestamp="20231017 13:05:09.625" level="INFO">Opening file at D:\MFAF\Robot\domainservice\MyAISDomain\TestExcel\test.xlsx</msg>
<status status="PASS" starttime="20231017 13:05:09.625" endtime="20231017 13:05:09.627"/>
</kw>
<kw name="Get Column Count" library="ExcelRobot">
<var>${strColCount}</var>
<arg>Sheet1</arg>
<doc>Returns the specific number of columns of the sheet name specified.</doc>
<msg timestamp="20231017 13:05:09.628" level="INFO">${strColCount} = 4</msg>
<status status="PASS" starttime="20231017 13:05:09.628" endtime="20231017 13:05:09.628"/>
</kw>
<kw name="Set Test Variable" library="BuiltIn">
<arg>${Col_ID}</arg>
<arg>${strColCount}</arg>
<doc>Makes a variable available everywhere within the scope of the current test.</doc>
<msg timestamp="20231017 13:05:09.629" level="INFO">${Col_ID} = 4</msg>
<status status="PASS" starttime="20231017 13:05:09.628" endtime="20231017 13:05:09.629"/>
</kw>
<kw name="Get Row Count" library="ExcelRobot">
<var>${strRowCount}</var>
<arg>Sheet1</arg>
<doc>Returns the specific number of rows of the sheet name specified.</doc>
<msg timestamp="20231017 13:05:09.630" level="INFO">${strRowCount} = 4</msg>
<status status="PASS" starttime="20231017 13:05:09.630" endtime="20231017 13:05:09.630"/>
</kw>
<for flavor="IN RANGE">
<var>${rowIndex}</var>
<value>1</value>
<value>${strRowCount}</value>
<iter>
<var name="${rowIndex}">1</var>
<kw name="Inner loop">
<var>${data}</var>
<arg>${rowIndex}</arg>
<kw name="Create List" library="BuiltIn">
<var>${data}</var>
<doc>Returns a list containing given items.</doc>
<msg timestamp="20231017 13:05:09.631" level="INFO">${data} = []</msg>
<status status="PASS" starttime="20231017 13:05:09.631" endtime="20231017 13:05:09.631"/>
</kw>
<for flavor="IN RANGE">
<var>${colIndex}</var>
<value>0</value>
<value>${Col_ID}</value>
<iter>
<var name="${colIndex}">0</var>
<kw name="Read Cell Data" library="ExcelRobot">
<var>${DataALL}</var>
<arg>sheet_name=Sheet1</arg>
<arg>column=${colIndex}</arg>
<arg>row=${row}</arg>
<doc>Uses the column and row to return the data from that cell.</doc>
<msg timestamp="20231017 13:05:09.631" level="INFO">${DataALL} = เทส01</msg>
<status status="PASS" starttime="20231017 13:05:09.631" endtime="20231017 13:05:09.631"/>
</kw>
<kw name="Append To List" library="Collections">
<arg>${data}</arg>
<arg>${DataALL}</arg>
<doc>Adds ``values`` to the end of ``list``.</doc>
<status status="PASS" starttime="20231017 13:05:09.631" endtime="20231017 13:05:09.631"/>
</kw>
<status status="PASS" starttime="20231017 13:05:09.631" endtime="20231017 13:05:09.631"/>
</iter>
<iter>
<var name="${colIndex}">1</var>
<kw name="Read Cell Data" library="ExcelRobot">
<var>${DataALL}</var>
<arg>sheet_name=Sheet1</arg>
<arg>column=${colIndex}</arg>
<arg>row=${row}</arg>
<doc>Uses the column and row to return the data from that cell.</doc>
<msg timestamp="20231017 13:05:09.632" level="INFO">${DataALL} = นะจ๊ะ01</msg>
<status status="PASS" starttime="20231017 13:05:09.631" endtime="20231017 13:05:09.632"/>
</kw>
<kw name="Append To List" library="Collections">
<arg>${data}</arg>
<arg>${DataALL}</arg>
<doc>Adds ``values`` to the end of ``list``.</doc>
<status status="PASS" starttime="20231017 13:05:09.632" endtime="20231017 13:05:09.632"/>
</kw>
<status status="PASS" starttime="20231017 13:05:09.631" endtime="20231017 13:05:09.632"/>
</iter>
<iter>
<var name="${colIndex}">2</var>
<kw name="Read Cell Data" library="ExcelRobot">
<var>${DataALL}</var>
<arg>sheet_name=Sheet1</arg>
<arg>column=${colIndex}</arg>
<arg>row=${row}</arg>
<doc>Uses the column and row to return the data from that cell.</doc>
<msg timestamp="20231017 13:05:09.632" level="INFO">${DataALL} = 20 ปี</msg>
<status status="PASS" starttime="20231017 13:05:09.632" endtime="20231017 13:05:09.632"/>
</kw>
<kw name="Append To List" library="Collections">
<arg>${data}</arg>
<arg>${DataALL}</arg>
<doc>Adds ``values`` to the end of ``list``.</doc>
<status status="PASS" starttime="20231017 13:05:09.632" endtime="20231017 13:05:09.632"/>
</kw>
<status status="PASS" starttime="20231017 13:05:09.632" endtime="20231017 13:05:09.632"/>
</iter>
<iter>
<var name="${colIndex}">3</var>
<kw name="Read Cell Data" library="ExcelRobot">
<var>${DataALL}</var>
<arg>sheet_name=Sheet1</arg>
<arg>column=${colIndex}</arg>
<arg>row=${row}</arg>
<doc>Uses the column and row to return the data from that cell.</doc>
<msg timestamp="20231017 13:05:09.633" level="INFO">${DataALL} = ชาย</msg>
<status status="PASS" starttime="20231017 13:05:09.632" endtime="20231017 13:05:09.633"/>
</kw>
<kw name="Append To List" library="Collections">
<arg>${data}</arg>
<arg>${DataALL}</arg>
<doc>Adds ``values`` to the end of ``list``.</doc>
<status status="PASS" starttime="20231017 13:05:09.633" endtime="20231017 13:05:09.633"/>
</kw>
<status status="PASS" starttime="20231017 13:05:09.632" endtime="20231017 13:05:09.633"/>
</iter>
<status status="PASS" starttime="20231017 13:05:09.631" endtime="20231017 13:05:09.633"/>
</for>
<msg timestamp="20231017 13:05:09.633" level="INFO">${data} = ['เทส01', 'นะจ๊ะ01', '20 ปี', 'ชาย']</msg>
<status status="PASS" starttime="20231017 13:05:09.630" endtime="20231017 13:05:09.633"/>
</kw>
<kw name="Log" library="BuiltIn">
<arg>${data}</arg>
<arg>console=yes</arg>
<doc>Logs the given message with the given level.</doc>
<msg timestamp="20231017 13:05:09.633" level="INFO">['เทส01', 'นะจ๊ะ01', '20 ปี', 'ชาย']</msg>
<status status="PASS" starttime="20231017 13:05:09.633" endtime="20231017 13:05:09.633"/>
</kw>
<status status="PASS" starttime="20231017 13:05:09.630" endtime="20231017 13:05:09.634"/>
</iter>
<iter>
<var name="${rowIndex}">2</var>
<kw name="Inner loop">
<var>${data}</var>
<arg>${rowIndex}</arg>
<kw name="Create List" library="BuiltIn">
<var>${data}</var>
<doc>Returns a list containing given items.</doc>
<msg timestamp="20231017 13:05:09.634" level="INFO">${data} = []</msg>
<status status="PASS" starttime="20231017 13:05:09.634" endtime="20231017 13:05:09.634"/>
</kw>
<for flavor="IN RANGE">
<var>${colIndex}</var>
<value>0</value>
<value>${Col_ID}</value>
<iter>
<var name="${colIndex}">0</var>
<kw name="Read Cell Data" library="ExcelRobot">
<var>${DataALL}</var>
<arg>sheet_name=Sheet1</arg>
<arg>column=${colIndex}</arg>
<arg>row=${row}</arg>
<doc>Uses the column and row to return the data from that cell.</doc>
<msg timestamp="20231017 13:05:09.636" level="INFO">${DataALL} = เทส02</msg>
<status status="PASS" starttime="20231017 13:05:09.635" endtime="20231017 13:05:09.636"/>
</kw>
<kw name="Append To List" library="Collections">
<arg>${data}</arg>
<arg>${DataALL}</arg>
<doc>Adds ``values`` to the end of ``list``.</doc>
<status status="PASS" starttime="20231017 13:05:09.636" endtime="20231017 13:05:09.636"/>
</kw>
<status status="PASS" starttime="20231017 13:05:09.635" endtime="20231017 13:05:09.636"/>
</iter>
<iter>
<var name="${colIndex}">1</var>
<kw name="Read Cell Data" library="ExcelRobot">
<var>${DataALL}</var>
<arg>sheet_name=Sheet1</arg>
<arg>column=${colIndex}</arg>
<arg>row=${row}</arg>
<doc>Uses the column and row to return the data from that cell.</doc>
<msg timestamp="20231017 13:05:09.636" level="INFO">${DataALL} = นะจ๊ะ02</msg>
<status status="PASS" starttime="20231017 13:05:09.636" endtime="20231017 13:05:09.636"/>
</kw>
<kw name="Append To List" library="Collections">
<arg>${data}</arg>
<arg>${DataALL}</arg>
<doc>Adds ``values`` to the end of ``list``.</doc>
<status status="PASS" starttime="20231017 13:05:09.636" endtime="20231017 13:05:09.636"/>
</kw>
<status status="PASS" starttime="20231017 13:05:09.636" endtime="20231017 13:05:09.636"/>
</iter>
<iter>
<var name="${colIndex}">2</var>
<kw name="Read Cell Data" library="ExcelRobot">
<var>${DataALL}</var>
<arg>sheet_name=Sheet1</arg>
<arg>column=${colIndex}</arg>
<arg>row=${row}</arg>
<doc>Uses the column and row to return the data from that cell.</doc>
<msg timestamp="20231017 13:05:09.637" level="INFO">${DataALL} = 22 ปี</msg>
<status status="PASS" starttime="20231017 13:05:09.636" endtime="20231017 13:05:09.637"/>
</kw>
<kw name="Append To List" library="Collections">
<arg>${data}</arg>
<arg>${DataALL}</arg>
<doc>Adds ``values`` to the end of ``list``.</doc>
<status status="PASS" starttime="20231017 13:05:09.637" endtime="20231017 13:05:09.637"/>
</kw>
<status status="PASS" starttime="20231017 13:05:09.636" endtime="20231017 13:05:09.637"/>
</iter>
<iter>
<var name="${colIndex}">3</var>
<kw name="Read Cell Data" library="ExcelRobot">
<var>${DataALL}</var>
<arg>sheet_name=Sheet1</arg>
<arg>column=${colIndex}</arg>
<arg>row=${row}</arg>
<doc>Uses the column and row to return the data from that cell.</doc>
<msg timestamp="20231017 13:05:09.637" level="INFO">${DataALL} = หญิง</msg>
<status status="PASS" starttime="20231017 13:05:09.637" endtime="20231017 13:05:09.637"/>
</kw>
<kw name="Append To List" library="Collections">
<arg>${data}</arg>
<arg>${DataALL}</arg>
<doc>Adds ``values`` to the end of ``list``.</doc>
<status status="PASS" starttime="20231017 13:05:09.637" endtime="20231017 13:05:09.637"/>
</kw>
<status status="PASS" starttime="20231017 13:05:09.637" endtime="20231017 13:05:09.637"/>
</iter>
<status status="PASS" starttime="20231017 13:05:09.634" endtime="20231017 13:05:09.637"/>
</for>
<msg timestamp="20231017 13:05:09.637" level="INFO">${data} = ['เทส02', 'นะจ๊ะ02', '22 ปี', 'หญิง']</msg>
<status status="PASS" starttime="20231017 13:05:09.634" endtime="20231017 13:05:09.637"/>
</kw>
<kw name="Log" library="BuiltIn">
<arg>${data}</arg>
<arg>console=yes</arg>
<doc>Logs the given message with the given level.</doc>
<msg timestamp="20231017 13:05:09.638" level="INFO">['เทส02', 'นะจ๊ะ02', '22 ปี', 'หญิง']</msg>
<status status="PASS" starttime="20231017 13:05:09.637" endtime="20231017 13:05:09.638"/>
</kw>
<status status="PASS" starttime="20231017 13:05:09.634" endtime="20231017 13:05:09.638"/>
</iter>
<iter>
<var name="${rowIndex}">3</var>
<kw name="Inner loop">
<var>${data}</var>
<arg>${rowIndex}</arg>
<kw name="Create List" library="BuiltIn">
<var>${data}</var>
<doc>Returns a list containing given items.</doc>
<msg timestamp="20231017 13:05:09.639" level="INFO">${data} = []</msg>
<status status="PASS" starttime="20231017 13:05:09.638" endtime="20231017 13:05:09.639"/>
</kw>
<for flavor="IN RANGE">
<var>${colIndex}</var>
<value>0</value>
<value>${Col_ID}</value>
<iter>
<var name="${colIndex}">0</var>
<kw name="Read Cell Data" library="ExcelRobot">
<var>${DataALL}</var>
<arg>sheet_name=Sheet1</arg>
<arg>column=${colIndex}</arg>
<arg>row=${row}</arg>
<doc>Uses the column and row to return the data from that cell.</doc>
<msg timestamp="20231017 13:05:09.639" level="INFO">${DataALL} = เทส03</msg>
<status status="PASS" starttime="20231017 13:05:09.639" endtime="20231017 13:05:09.639"/>
</kw>
<kw name="Append To List" library="Collections">
<arg>${data}</arg>
<arg>${DataALL}</arg>
<doc>Adds ``values`` to the end of ``list``.</doc>
<status status="PASS" starttime="20231017 13:05:09.639" endtime="20231017 13:05:09.639"/>
</kw>
<status status="PASS" starttime="20231017 13:05:09.639" endtime="20231017 13:05:09.639"/>
</iter>
<iter>
<var name="${colIndex}">1</var>
<kw name="Read Cell Data" library="ExcelRobot">
<var>${DataALL}</var>
<arg>sheet_name=Sheet1</arg>
<arg>column=${colIndex}</arg>
<arg>row=${row}</arg>
<doc>Uses the column and row to return the data from that cell.</doc>
<msg timestamp="20231017 13:05:09.640" level="INFO">${DataALL} = นะจ๊ะ03</msg>
<status status="PASS" starttime="20231017 13:05:09.639" endtime="20231017 13:05:09.640"/>
</kw>
<kw name="Append To List" library="Collections">
<arg>${data}</arg>
<arg>${DataALL}</arg>
<doc>Adds ``values`` to the end of ``list``.</doc>
<status status="PASS" starttime="20231017 13:05:09.640" endtime="20231017 13:05:09.640"/>
</kw>
<status status="PASS" starttime="20231017 13:05:09.639" endtime="20231017 13:05:09.640"/>
</iter>
<iter>
<var name="${colIndex}">2</var>
<kw name="Read Cell Data" library="ExcelRobot">
<var>${DataALL}</var>
<arg>sheet_name=Sheet1</arg>
<arg>column=${colIndex}</arg>
<arg>row=${row}</arg>
<doc>Uses the column and row to return the data from that cell.</doc>
<msg timestamp="20231017 13:05:09.640" level="INFO">${DataALL} = 25 ปี</msg>
<status status="PASS" starttime="20231017 13:05:09.640" endtime="20231017 13:05:09.641"/>
</kw>
<kw name="Append To List" library="Collections">
<arg>${data}</arg>
<arg>${DataALL}</arg>
<doc>Adds ``values`` to the end of ``list``.</doc>
<status status="PASS" starttime="20231017 13:05:09.641" endtime="20231017 13:05:09.641"/>
</kw>
<status status="PASS" starttime="20231017 13:05:09.640" endtime="20231017 13:05:09.641"/>
</iter>
<iter>
<var name="${colIndex}">3</var>
<kw name="Read Cell Data" library="ExcelRobot">
<var>${DataALL}</var>
<arg>sheet_name=Sheet1</arg>
<arg>column=${colIndex}</arg>
<arg>row=${row}</arg>
<doc>Uses the column and row to return the data from that cell.</doc>
<msg timestamp="20231017 13:05:09.641" level="INFO">${DataALL} = ชาย</msg>
<status status="PASS" starttime="20231017 13:05:09.641" endtime="20231017 13:05:09.641"/>
</kw>
<kw name="Append To List" library="Collections">
<arg>${data}</arg>
<arg>${DataALL}</arg>
<doc>Adds ``values`` to the end of ``list``.</doc>
<status status="PASS" starttime="20231017 13:05:09.641" endtime="20231017 13:05:09.641"/>
</kw>
<status status="PASS" starttime="20231017 13:05:09.641" endtime="20231017 13:05:09.641"/>
</iter>
<status status="PASS" starttime="20231017 13:05:09.639" endtime="20231017 13:05:09.641"/>
</for>
<msg timestamp="20231017 13:05:09.641" level="INFO">${data} = ['เทส03', 'นะจ๊ะ03', '25 ปี', 'ชาย']</msg>
<status status="PASS" starttime="20231017 13:05:09.638" endtime="20231017 13:05:09.641"/>
</kw>
<kw name="Log" library="BuiltIn">
<arg>${data}</arg>
<arg>console=yes</arg>
<doc>Logs the given message with the given level.</doc>
<msg timestamp="20231017 13:05:09.641" level="INFO">['เทส03', 'นะจ๊ะ03', '25 ปี', 'ชาย']</msg>
<status status="PASS" starttime="20231017 13:05:09.641" endtime="20231017 13:05:09.642"/>
</kw>
<status status="PASS" starttime="20231017 13:05:09.638" endtime="20231017 13:05:09.642"/>
</iter>
<status status="PASS" starttime="20231017 13:05:09.630" endtime="20231017 13:05:09.642"/>
</for>
<status status="PASS" starttime="20231017 13:05:09.623" endtime="20231017 13:05:09.642"/>
</test>
<status status="PASS" starttime="20231017 13:05:09.358" endtime="20231017 13:05:09.643"/>
</suite>
<statistics>
<total>
<stat pass="1" fail="0" skip="0">All Tests</stat>
</total>
<tag>
</tag>
<suite>
<stat pass="1" fail="0" skip="0" id="s1" name="Test1">Test1</stat>
</suite>
</statistics>
<errors>
</errors>
</robot>
